<?xml version="1.0" encoding="UTF-8"?>
<!-- Generated by org.testng.reporters.JUnitXMLReporter -->
<testsuite ignored="1" hostname="Amits-MacBook-Air.local" failures="0" tests="5" name="Test" time="4.251" errors="0" timestamp="14 Feb 2020 03:17:52 GMT">
  <testcase classname="com.qa.orangehrm.base.BaseClass" name="@BeforeClass setUp" time="2.563">
    <failure type="org.openqa.selenium.SessionNotCreatedException" message="session not created: This version of ChromeDriver only supports Chrome version 78
Build info: version: &amp;apos;3.141.59&amp;apos;, revision: &amp;apos;e82be7d358&amp;apos;, time: &amp;apos;2018-11-14T08:17:03&amp;apos;
System info: host: &amp;apos;Amits-MacBook-Air.local&amp;apos;, ip: &amp;apos;fe80:0:0:0:18e3:5e6e:dcef:a907%en0&amp;apos;, os.name: &amp;apos;Mac OS X&amp;apos;, os.arch: &amp;apos;x86_64&amp;apos;, os.version: &amp;apos;10.14.5&amp;apos;, java.version: &amp;apos;9.0.1&amp;apos;
Driver info: driver.version: ChromeDriver
remote stacktrace: 0   chromedriver 2                      0x000000010f1acfd9 chromedriver 2 + 3747801
1   chromedriver 2                      0x000000010f141613 chromedriver 2 + 3307027
2   chromedriver 2                      0x000000010eed110f chromedriver 2 + 749839
3   chromedriver 2                      0x000000010ee32adb chromedriver 2 + 101083
4   chromedriver 2                      0x000000010ee2ebd1 chromedriver 2 + 84945
5   chromedriver 2                      0x000000010ee5d097 chromedriver 2 + 274583
6   chromedriver 2                      0x000000010ee5a263 chromedriver 2 + 262755
7   chromedriver 2                      0x000000010ee34c0d chromedriver 2 + 109581
8   chromedriver 2                      0x000000010ee35ba5 chromedriver 2 + 113573
9   chromedriver 2                      0x000000010f1700bf chromedriver 2 + 3498175
10  chromedriver 2                      0x000000010f17ccbd chromedriver 2 + 3550397
11  chromedriver 2                      0x000000010f17ca48 chromedriver 2 + 3549768
12  chromedriver 2                      0x000000010f14f169 chromedriver 2 + 3363177
13  chromedriver 2                      0x000000010f17d518 chromedriver 2 + 3552536
14  chromedriver 2                      0x000000010f163b77 chromedriver 2 + 3447671
15  chromedriver 2                      0x000000010f1930d4 chromedriver 2 + 3641556
16  chromedriver 2                      0x000000010f1b2dc7 chromedriver 2 + 3771847
17  libsystem_pthread.dylib             0x00007fff657d92eb _pthread_body + 126
18  libsystem_pthread.dylib             0x00007fff657dc249 _pthread_start + 66
19  libsystem_pthread.dylib             0x00007fff657d840d thread_start + 13
">
      <![CDATA[org.openqa.selenium.SessionNotCreatedException: session not created: This version of ChromeDriver only supports Chrome version 78
Build info: version: '3.141.59', revision: 'e82be7d358', time: '2018-11-14T08:17:03'
System info: host: 'Amits-MacBook-Air.local', ip: 'fe80:0:0:0:18e3:5e6e:dcef:a907%en0', os.name: 'Mac OS X', os.arch: 'x86_64', os.version: '10.14.5', java.version: '9.0.1'
Driver info: driver.version: ChromeDriver
remote stacktrace: 0   chromedriver 2                      0x000000010f1acfd9 chromedriver 2 + 3747801
1   chromedriver 2                      0x000000010f141613 chromedriver 2 + 3307027
2   chromedriver 2                      0x000000010eed110f chromedriver 2 + 749839
3   chromedriver 2                      0x000000010ee32adb chromedriver 2 + 101083
4   chromedriver 2                      0x000000010ee2ebd1 chromedriver 2 + 84945
5   chromedriver 2                      0x000000010ee5d097 chromedriver 2 + 274583
6   chromedriver 2                      0x000000010ee5a263 chromedriver 2 + 262755
7   chromedriver 2                      0x000000010ee34c0d chromedriver 2 + 109581
8   chromedriver 2                      0x000000010ee35ba5 chromedriver 2 + 113573
9   chromedriver 2                      0x000000010f1700bf chromedriver 2 + 3498175
10  chromedriver 2                      0x000000010f17ccbd chromedriver 2 + 3550397
11  chromedriver 2                      0x000000010f17ca48 chromedriver 2 + 3549768
12  chromedriver 2                      0x000000010f14f169 chromedriver 2 + 3363177
13  chromedriver 2                      0x000000010f17d518 chromedriver 2 + 3552536
14  chromedriver 2                      0x000000010f163b77 chromedriver 2 + 3447671
15  chromedriver 2                      0x000000010f1930d4 chromedriver 2 + 3641556
16  chromedriver 2                      0x000000010f1b2dc7 chromedriver 2 + 3771847
17  libsystem_pthread.dylib             0x00007fff657d92eb _pthread_body + 126
18  libsystem_pthread.dylib             0x00007fff657dc249 _pthread_start + 66
19  libsystem_pthread.dylib             0x00007fff657d840d thread_start + 13

at org.openqa.selenium.remote.W3CHandshakeResponse.lambda$errorHandler$0(W3CHandshakeResponse.java:62)
at org.openqa.selenium.remote.HandshakeResponse.lambda$getResponseFunction$0(HandshakeResponse.java:30)
at org.openqa.selenium.remote.ProtocolHandshake.lambda$createSession$0(ProtocolHandshake.java:126)
at java.base/java.util.stream.ReferencePipeline$3$1.accept(ReferencePipeline.java:195)
at java.base/java.util.Spliterators$ArraySpliterator.tryAdvance(Spliterators.java:958)
at java.base/java.util.stream.ReferencePipeline.forEachWithCancel(ReferencePipeline.java:127)
at java.base/java.util.stream.AbstractPipeline.copyIntoWithCancel(AbstractPipeline.java:502)
at java.base/java.util.stream.AbstractPipeline.copyInto(AbstractPipeline.java:488)
at java.base/java.util.stream.AbstractPipeline.wrapAndCopyInto(AbstractPipeline.java:474)
at java.base/java.util.stream.FindOps$FindOp.evaluateSequential(FindOps.java:152)
at java.base/java.util.stream.AbstractPipeline.evaluate(AbstractPipeline.java:234)
at java.base/java.util.stream.ReferencePipeline.findFirst(ReferencePipeline.java:476)
at org.openqa.selenium.remote.ProtocolHandshake.createSession(ProtocolHandshake.java:128)
at org.openqa.selenium.remote.ProtocolHandshake.createSession(ProtocolHandshake.java:74)
at org.openqa.selenium.remote.HttpCommandExecutor.execute(HttpCommandExecutor.java:136)
at org.openqa.selenium.remote.service.DriverCommandExecutor.execute(DriverCommandExecutor.java:83)
at org.openqa.selenium.remote.RemoteWebDriver.execute(RemoteWebDriver.java:552)
at org.openqa.selenium.remote.RemoteWebDriver.startSession(RemoteWebDriver.java:213)
at org.openqa.selenium.remote.RemoteWebDriver.<init>(RemoteWebDriver.java:131)
at org.openqa.selenium.chrome.ChromeDriver.<init>(ChromeDriver.java:181)
at org.openqa.selenium.chrome.ChromeDriver.<init>(ChromeDriver.java:168)
at org.openqa.selenium.chrome.ChromeDriver.<init>(ChromeDriver.java:123)
at com.qa.orangehrm.factories.BrowserFactory.getApplication(BrowserFactory.java:24)
at com.qa.orangehrm.base.BaseClass.setUp(BaseClass.java:69)
... Removed 30 stack frames]]>
    </failure>
  </testcase> <!-- @BeforeClass setUp -->
  <testcase classname="com.qa.orangehrm.base.BaseClass" name="@AfterMethod tearDownReport" time="0.0">
    <skipped/>
  </testcase> <!-- @AfterMethod tearDownReport -->
  <testcase classname="com.qa.orangehrm.base.BaseClass" name="@BeforeClass setUp" time="1.57">
    <failure type="org.openqa.selenium.SessionNotCreatedException" message="session not created: This version of ChromeDriver only supports Chrome version 78
Build info: version: &amp;apos;3.141.59&amp;apos;, revision: &amp;apos;e82be7d358&amp;apos;, time: &amp;apos;2018-11-14T08:17:03&amp;apos;
System info: host: &amp;apos;Amits-MacBook-Air.local&amp;apos;, ip: &amp;apos;fe80:0:0:0:18e3:5e6e:dcef:a907%en0&amp;apos;, os.name: &amp;apos;Mac OS X&amp;apos;, os.arch: &amp;apos;x86_64&amp;apos;, os.version: &amp;apos;10.14.5&amp;apos;, java.version: &amp;apos;9.0.1&amp;apos;
Driver info: driver.version: ChromeDriver
remote stacktrace: 0   chromedriver 2                      0x00000001047e7fd9 chromedriver 2 + 3747801
1   chromedriver 2                      0x000000010477c613 chromedriver 2 + 3307027
2   chromedriver 2                      0x000000010450c10f chromedriver 2 + 749839
3   chromedriver 2                      0x000000010446dadb chromedriver 2 + 101083
4   chromedriver 2                      0x0000000104469bd1 chromedriver 2 + 84945
5   chromedriver 2                      0x0000000104498097 chromedriver 2 + 274583
6   chromedriver 2                      0x0000000104495263 chromedriver 2 + 262755
7   chromedriver 2                      0x000000010446fc0d chromedriver 2 + 109581
8   chromedriver 2                      0x0000000104470ba5 chromedriver 2 + 113573
9   chromedriver 2                      0x00000001047ab0bf chromedriver 2 + 3498175
10  chromedriver 2                      0x00000001047b7cbd chromedriver 2 + 3550397
11  chromedriver 2                      0x00000001047b7a48 chromedriver 2 + 3549768
12  chromedriver 2                      0x000000010478a169 chromedriver 2 + 3363177
13  chromedriver 2                      0x00000001047b8518 chromedriver 2 + 3552536
14  chromedriver 2                      0x000000010479eb77 chromedriver 2 + 3447671
15  chromedriver 2                      0x00000001047ce0d4 chromedriver 2 + 3641556
16  chromedriver 2                      0x00000001047eddc7 chromedriver 2 + 3771847
17  libsystem_pthread.dylib             0x00007fff657d92eb _pthread_body + 126
18  libsystem_pthread.dylib             0x00007fff657dc249 _pthread_start + 66
19  libsystem_pthread.dylib             0x00007fff657d840d thread_start + 13
">
      <![CDATA[org.openqa.selenium.SessionNotCreatedException: session not created: This version of ChromeDriver only supports Chrome version 78
Build info: version: '3.141.59', revision: 'e82be7d358', time: '2018-11-14T08:17:03'
System info: host: 'Amits-MacBook-Air.local', ip: 'fe80:0:0:0:18e3:5e6e:dcef:a907%en0', os.name: 'Mac OS X', os.arch: 'x86_64', os.version: '10.14.5', java.version: '9.0.1'
Driver info: driver.version: ChromeDriver
remote stacktrace: 0   chromedriver 2                      0x00000001047e7fd9 chromedriver 2 + 3747801
1   chromedriver 2                      0x000000010477c613 chromedriver 2 + 3307027
2   chromedriver 2                      0x000000010450c10f chromedriver 2 + 749839
3   chromedriver 2                      0x000000010446dadb chromedriver 2 + 101083
4   chromedriver 2                      0x0000000104469bd1 chromedriver 2 + 84945
5   chromedriver 2                      0x0000000104498097 chromedriver 2 + 274583
6   chromedriver 2                      0x0000000104495263 chromedriver 2 + 262755
7   chromedriver 2                      0x000000010446fc0d chromedriver 2 + 109581
8   chromedriver 2                      0x0000000104470ba5 chromedriver 2 + 113573
9   chromedriver 2                      0x00000001047ab0bf chromedriver 2 + 3498175
10  chromedriver 2                      0x00000001047b7cbd chromedriver 2 + 3550397
11  chromedriver 2                      0x00000001047b7a48 chromedriver 2 + 3549768
12  chromedriver 2                      0x000000010478a169 chromedriver 2 + 3363177
13  chromedriver 2                      0x00000001047b8518 chromedriver 2 + 3552536
14  chromedriver 2                      0x000000010479eb77 chromedriver 2 + 3447671
15  chromedriver 2                      0x00000001047ce0d4 chromedriver 2 + 3641556
16  chromedriver 2                      0x00000001047eddc7 chromedriver 2 + 3771847
17  libsystem_pthread.dylib             0x00007fff657d92eb _pthread_body + 126
18  libsystem_pthread.dylib             0x00007fff657dc249 _pthread_start + 66
19  libsystem_pthread.dylib             0x00007fff657d840d thread_start + 13

at org.openqa.selenium.remote.W3CHandshakeResponse.lambda$errorHandler$0(W3CHandshakeResponse.java:62)
at org.openqa.selenium.remote.HandshakeResponse.lambda$getResponseFunction$0(HandshakeResponse.java:30)
at org.openqa.selenium.remote.ProtocolHandshake.lambda$createSession$0(ProtocolHandshake.java:126)
at java.base/java.util.stream.ReferencePipeline$3$1.accept(ReferencePipeline.java:195)
at java.base/java.util.Spliterators$ArraySpliterator.tryAdvance(Spliterators.java:958)
at java.base/java.util.stream.ReferencePipeline.forEachWithCancel(ReferencePipeline.java:127)
at java.base/java.util.stream.AbstractPipeline.copyIntoWithCancel(AbstractPipeline.java:502)
at java.base/java.util.stream.AbstractPipeline.copyInto(AbstractPipeline.java:488)
at java.base/java.util.stream.AbstractPipeline.wrapAndCopyInto(AbstractPipeline.java:474)
at java.base/java.util.stream.FindOps$FindOp.evaluateSequential(FindOps.java:152)
at java.base/java.util.stream.AbstractPipeline.evaluate(AbstractPipeline.java:234)
at java.base/java.util.stream.ReferencePipeline.findFirst(ReferencePipeline.java:476)
at org.openqa.selenium.remote.ProtocolHandshake.createSession(ProtocolHandshake.java:128)
at org.openqa.selenium.remote.ProtocolHandshake.createSession(ProtocolHandshake.java:74)
at org.openqa.selenium.remote.HttpCommandExecutor.execute(HttpCommandExecutor.java:136)
at org.openqa.selenium.remote.service.DriverCommandExecutor.execute(DriverCommandExecutor.java:83)
at org.openqa.selenium.remote.RemoteWebDriver.execute(RemoteWebDriver.java:552)
at org.openqa.selenium.remote.RemoteWebDriver.startSession(RemoteWebDriver.java:213)
at org.openqa.selenium.remote.RemoteWebDriver.<init>(RemoteWebDriver.java:131)
at org.openqa.selenium.chrome.ChromeDriver.<init>(ChromeDriver.java:181)
at org.openqa.selenium.chrome.ChromeDriver.<init>(ChromeDriver.java:168)
at org.openqa.selenium.chrome.ChromeDriver.<init>(ChromeDriver.java:123)
at com.qa.orangehrm.factories.BrowserFactory.getApplication(BrowserFactory.java:24)
at com.qa.orangehrm.base.BaseClass.setUp(BaseClass.java:69)
... Removed 30 stack frames]]>
    </failure>
  </testcase> <!-- @BeforeClass setUp -->
  <testcase classname="com.qa.orangehrm.base.BaseClass" name="@AfterMethod tearDownReport" time="0.0">
    <skipped/>
  </testcase> <!-- @AfterMethod tearDownReport -->
  <testcase classname="com.qa.orangehrm.base.BaseClass" name="@AfterClass tearDown" time="0.0">
    <skipped/>
  </testcase> <!-- @AfterClass tearDown -->
  <testcase classname="com.qa.orangehrm.base.BaseClass" name="@AfterClass tearDown" time="0.0">
    <skipped/>
  </testcase> <!-- @AfterClass tearDown -->
  <testcase classname="com.qa.orangehrm.tests.LoginScenarios" name="verifyPage" time="0.0">
    <skipped/>
  </testcase> <!-- verifyPage -->
  <testcase classname="com.qa.orangehrm.tests.CreateUserAdminTest" name="verifyPage" time="0.0">
    <skipped/>
  </testcase> <!-- verifyPage -->
  <testcase classname="com.qa.orangehrm.tests.LoginScenarios" name="loginToApplication" time="0.0">
    <skipped/>
  </testcase> <!-- loginToApplication -->
  <testcase classname="com.qa.orangehrm.tests.CreateUserAdminTest" name="loginToApplication" time="0.0">
    <skipped/>
  </testcase> <!-- loginToApplication -->
  <testcase classname="com.qa.orangehrm.tests.CreateUserAdminTest" name="createUserFromAdminApplication" time="0.0">
    <skipped/>
  </testcase> <!-- createUserFromAdminApplication -->
  <testcase classname="com.qa.orangehrm.base.BaseClass" name="@BeforeSuite setupReport" time="0.0">
    <ignored/>
  </testcase> <!-- @BeforeSuite setupReport -->
</testsuite> <!-- Test -->
