<!DOCTYPE html PUBLIC "-//W3C//DTD XHTML 1.1//EN" "http://www.w3.org/TR/xhtml11/DTD/xhtml11.dtd">
<html xmlns="http://www.w3.org/1999/xhtml">
<head>
<meta http-equiv="content-type" content="text/html; charset=UTF-8"/>
<title>TestNG Report</title>
<style type="text/css">table {margin-bottom:10px;border-collapse:collapse;empty-cells:show}th,td {border:1px solid #009;padding:.25em .5em}th {vertical-align:bottom}td {vertical-align:top}table a {font-weight:bold}.stripe td {background-color: #E6EBF9}.num {text-align:right}.passedodd td {background-color: #3F3}.passedeven td {background-color: #0A0}.skippedodd td {background-color: #DDD}.skippedeven td {background-color: #CCC}.failedodd td,.attn {background-color: #F33}.failedeven td,.stripe .attn {background-color: #D00}.stacktrace {white-space:pre;font-family:monospace}.totop {font-size:85%;text-align:center;border-bottom:2px solid #000}.invisible {display:none}</style>
</head>
<body>
<table>
<tr><th>Test</th><th># Passed</th><th># Skipped</th><th># Failed</th><th>Time (ms)</th><th>Included Groups</th><th>Excluded Groups</th></tr>
<tr><th colspan="7">Suite</th></tr>
<tr><td><a href="#t0">Test</a></td><td class="num">0</td><td class="num attn">5</td><td class="num">0</td><td class="num">4,251</td><td></td><td></td></tr>
</table>
<table id='summary'><thead><tr><th>Class</th><th>Method</th><th>Start</th><th>Time (ms)</th></tr></thead><tbody><tr><th colspan="4">Suite</th></tr></tbody><tbody id="t0"><tr><th colspan="4">Test &#8212; failed (configuration methods)</th></tr><tr class="failedeven"><td rowspan="1">com.qa.orangehrm.tests.CreateUserAdminTest</td><td><a href="#m0">setUp</a></td><td rowspan="1">1581650265954</td><td rowspan="1">1570</td></tr><tr class="failedodd"><td rowspan="1">com.qa.orangehrm.tests.LoginScenarios</td><td><a href="#m1">setUp</a></td><td rowspan="1">1581650263330</td><td rowspan="1">2563</td></tr><tr><th colspan="4">Test &#8212; skipped (configuration methods)</th></tr><tr class="skippedeven"><td rowspan="2">com.qa.orangehrm.tests.CreateUserAdminTest</td><td><a href="#m2">tearDown</a></td><td rowspan="1">1581650267569</td><td rowspan="1">0</td></tr><tr class="skippedeven"><td><a href="#m3">tearDownReport</a></td><td rowspan="1">1581650267544</td><td rowspan="1">0</td></tr><tr class="skippedodd"><td rowspan="2">com.qa.orangehrm.tests.LoginScenarios</td><td><a href="#m4">tearDown</a></td><td rowspan="1">1581650267557</td><td rowspan="1">0</td></tr><tr class="skippedodd"><td><a href="#m5">tearDownReport</a></td><td rowspan="1">1581650265944</td><td rowspan="1">0</td></tr><tr><th colspan="4">Test &#8212; skipped</th></tr><tr class="skippedeven"><td rowspan="3">com.qa.orangehrm.tests.CreateUserAdminTest</td><td><a href="#m6">createUserFromAdminApplication</a></td><td rowspan="1">1581650267562</td><td rowspan="1">0</td></tr><tr class="skippedeven"><td><a href="#m7">loginToApplication</a></td><td rowspan="1">1581650267559</td><td rowspan="1">0</td></tr><tr class="skippedeven"><td><a href="#m8">verifyPage</a></td><td rowspan="1">1581650267538</td><td rowspan="1">0</td></tr><tr class="skippedodd"><td rowspan="2">com.qa.orangehrm.tests.LoginScenarios</td><td><a href="#m9">loginToApplication</a></td><td rowspan="1">1581650267546</td><td rowspan="1">0</td></tr><tr class="skippedodd"><td><a href="#m10">verifyPage</a></td><td rowspan="1">1581650265937</td><td rowspan="1">0</td></tr></tbody>
</table>
<h2>Test</h2><h3 id="m0">com.qa.orangehrm.tests.CreateUserAdminTest#setUp</h3><table class="result"><tr><th>Exception</th></tr><tr><td><div class="stacktrace">org.openqa.selenium.SessionNotCreatedException: session not created: This version of ChromeDriver only supports Chrome version 78
Build info: version: &apos;3.141.59&apos;, revision: &apos;e82be7d358&apos;, time: &apos;2018-11-14T08:17:03&apos;
System info: host: &apos;Amits-MacBook-Air.local&apos;, ip: &apos;fe80:0:0:0:18e3:5e6e:dcef:a907%en0&apos;, os.name: &apos;Mac OS X&apos;, os.arch: &apos;x86_64&apos;, os.version: &apos;10.14.5&apos;, java.version: &apos;9.0.1&apos;
Driver info: driver.version: ChromeDriver
remote stacktrace: 0   chromedriver 2                      0x00000001047e7fd9 chromedriver 2 + 3747801
1   chromedriver 2                      0x000000010477c613 chromedriver 2 + 3307027
2   chromedriver 2                      0x000000010450c10f chromedriver 2 + 749839
3   chromedriver 2                      0x000000010446dadb chromedriver 2 + 101083
4   chromedriver 2                      0x0000000104469bd1 chromedriver 2 + 84945
5   chromedriver 2                      0x0000000104498097 chromedriver 2 + 274583
6   chromedriver 2                      0x0000000104495263 chromedriver 2 + 262755
7   chromedriver 2                      0x000000010446fc0d chromedriver 2 + 109581
8   chromedriver 2                      0x0000000104470ba5 chromedriver 2 + 113573
9   chromedriver 2                      0x00000001047ab0bf chromedriver 2 + 3498175
10  chromedriver 2                      0x00000001047b7cbd chromedriver 2 + 3550397
11  chromedriver 2                      0x00000001047b7a48 chromedriver 2 + 3549768
12  chromedriver 2                      0x000000010478a169 chromedriver 2 + 3363177
13  chromedriver 2                      0x00000001047b8518 chromedriver 2 + 3552536
14  chromedriver 2                      0x000000010479eb77 chromedriver 2 + 3447671
15  chromedriver 2                      0x00000001047ce0d4 chromedriver 2 + 3641556
16  chromedriver 2                      0x00000001047eddc7 chromedriver 2 + 3771847
17  libsystem_pthread.dylib             0x00007fff657d92eb _pthread_body + 126
18  libsystem_pthread.dylib             0x00007fff657dc249 _pthread_start + 66
19  libsystem_pthread.dylib             0x00007fff657d840d thread_start + 13

	at org.openqa.selenium.remote.W3CHandshakeResponse.lambda$errorHandler$0(W3CHandshakeResponse.java:62)
	at org.openqa.selenium.remote.HandshakeResponse.lambda$getResponseFunction$0(HandshakeResponse.java:30)
	at org.openqa.selenium.remote.ProtocolHandshake.lambda$createSession$0(ProtocolHandshake.java:126)
	at java.base/java.util.stream.ReferencePipeline$3$1.accept(ReferencePipeline.java:195)
	at java.base/java.util.Spliterators$ArraySpliterator.tryAdvance(Spliterators.java:958)
	at java.base/java.util.stream.ReferencePipeline.forEachWithCancel(ReferencePipeline.java:127)
	at java.base/java.util.stream.AbstractPipeline.copyIntoWithCancel(AbstractPipeline.java:502)
	at java.base/java.util.stream.AbstractPipeline.copyInto(AbstractPipeline.java:488)
	at java.base/java.util.stream.AbstractPipeline.wrapAndCopyInto(AbstractPipeline.java:474)
	at java.base/java.util.stream.FindOps$FindOp.evaluateSequential(FindOps.java:152)
	at java.base/java.util.stream.AbstractPipeline.evaluate(AbstractPipeline.java:234)
	at java.base/java.util.stream.ReferencePipeline.findFirst(ReferencePipeline.java:476)
	at org.openqa.selenium.remote.ProtocolHandshake.createSession(ProtocolHandshake.java:128)
	at org.openqa.selenium.remote.ProtocolHandshake.createSession(ProtocolHandshake.java:74)
	at org.openqa.selenium.remote.HttpCommandExecutor.execute(HttpCommandExecutor.java:136)
	at org.openqa.selenium.remote.service.DriverCommandExecutor.execute(DriverCommandExecutor.java:83)
	at org.openqa.selenium.remote.RemoteWebDriver.execute(RemoteWebDriver.java:552)
	at org.openqa.selenium.remote.RemoteWebDriver.startSession(RemoteWebDriver.java:213)
	at org.openqa.selenium.remote.RemoteWebDriver.&lt;init&gt;(RemoteWebDriver.java:131)
	at org.openqa.selenium.chrome.ChromeDriver.&lt;init&gt;(ChromeDriver.java:181)
	at org.openqa.selenium.chrome.ChromeDriver.&lt;init&gt;(ChromeDriver.java:168)
	at org.openqa.selenium.chrome.ChromeDriver.&lt;init&gt;(ChromeDriver.java:123)
	at com.qa.orangehrm.factories.BrowserFactory.getApplication(BrowserFactory.java:24)
	at com.qa.orangehrm.base.BaseClass.setUp(BaseClass.java:69)
... Removed 30 stack frames</div></td></tr></table><p class="totop"><a href="#summary">back to summary</a></p>
<h3 id="m1">com.qa.orangehrm.tests.LoginScenarios#setUp</h3><table class="result"><tr><th>Exception</th></tr><tr><td><div class="stacktrace">org.openqa.selenium.SessionNotCreatedException: session not created: This version of ChromeDriver only supports Chrome version 78
Build info: version: &apos;3.141.59&apos;, revision: &apos;e82be7d358&apos;, time: &apos;2018-11-14T08:17:03&apos;
System info: host: &apos;Amits-MacBook-Air.local&apos;, ip: &apos;fe80:0:0:0:18e3:5e6e:dcef:a907%en0&apos;, os.name: &apos;Mac OS X&apos;, os.arch: &apos;x86_64&apos;, os.version: &apos;10.14.5&apos;, java.version: &apos;9.0.1&apos;
Driver info: driver.version: ChromeDriver
remote stacktrace: 0   chromedriver 2                      0x000000010f1acfd9 chromedriver 2 + 3747801
1   chromedriver 2                      0x000000010f141613 chromedriver 2 + 3307027
2   chromedriver 2                      0x000000010eed110f chromedriver 2 + 749839
3   chromedriver 2                      0x000000010ee32adb chromedriver 2 + 101083
4   chromedriver 2                      0x000000010ee2ebd1 chromedriver 2 + 84945
5   chromedriver 2                      0x000000010ee5d097 chromedriver 2 + 274583
6   chromedriver 2                      0x000000010ee5a263 chromedriver 2 + 262755
7   chromedriver 2                      0x000000010ee34c0d chromedriver 2 + 109581
8   chromedriver 2                      0x000000010ee35ba5 chromedriver 2 + 113573
9   chromedriver 2                      0x000000010f1700bf chromedriver 2 + 3498175
10  chromedriver 2                      0x000000010f17ccbd chromedriver 2 + 3550397
11  chromedriver 2                      0x000000010f17ca48 chromedriver 2 + 3549768
12  chromedriver 2                      0x000000010f14f169 chromedriver 2 + 3363177
13  chromedriver 2                      0x000000010f17d518 chromedriver 2 + 3552536
14  chromedriver 2                      0x000000010f163b77 chromedriver 2 + 3447671
15  chromedriver 2                      0x000000010f1930d4 chromedriver 2 + 3641556
16  chromedriver 2                      0x000000010f1b2dc7 chromedriver 2 + 3771847
17  libsystem_pthread.dylib             0x00007fff657d92eb _pthread_body + 126
18  libsystem_pthread.dylib             0x00007fff657dc249 _pthread_start + 66
19  libsystem_pthread.dylib             0x00007fff657d840d thread_start + 13

	at org.openqa.selenium.remote.W3CHandshakeResponse.lambda$errorHandler$0(W3CHandshakeResponse.java:62)
	at org.openqa.selenium.remote.HandshakeResponse.lambda$getResponseFunction$0(HandshakeResponse.java:30)
	at org.openqa.selenium.remote.ProtocolHandshake.lambda$createSession$0(ProtocolHandshake.java:126)
	at java.base/java.util.stream.ReferencePipeline$3$1.accept(ReferencePipeline.java:195)
	at java.base/java.util.Spliterators$ArraySpliterator.tryAdvance(Spliterators.java:958)
	at java.base/java.util.stream.ReferencePipeline.forEachWithCancel(ReferencePipeline.java:127)
	at java.base/java.util.stream.AbstractPipeline.copyIntoWithCancel(AbstractPipeline.java:502)
	at java.base/java.util.stream.AbstractPipeline.copyInto(AbstractPipeline.java:488)
	at java.base/java.util.stream.AbstractPipeline.wrapAndCopyInto(AbstractPipeline.java:474)
	at java.base/java.util.stream.FindOps$FindOp.evaluateSequential(FindOps.java:152)
	at java.base/java.util.stream.AbstractPipeline.evaluate(AbstractPipeline.java:234)
	at java.base/java.util.stream.ReferencePipeline.findFirst(ReferencePipeline.java:476)
	at org.openqa.selenium.remote.ProtocolHandshake.createSession(ProtocolHandshake.java:128)
	at org.openqa.selenium.remote.ProtocolHandshake.createSession(ProtocolHandshake.java:74)
	at org.openqa.selenium.remote.HttpCommandExecutor.execute(HttpCommandExecutor.java:136)
	at org.openqa.selenium.remote.service.DriverCommandExecutor.execute(DriverCommandExecutor.java:83)
	at org.openqa.selenium.remote.RemoteWebDriver.execute(RemoteWebDriver.java:552)
	at org.openqa.selenium.remote.RemoteWebDriver.startSession(RemoteWebDriver.java:213)
	at org.openqa.selenium.remote.RemoteWebDriver.&lt;init&gt;(RemoteWebDriver.java:131)
	at org.openqa.selenium.chrome.ChromeDriver.&lt;init&gt;(ChromeDriver.java:181)
	at org.openqa.selenium.chrome.ChromeDriver.&lt;init&gt;(ChromeDriver.java:168)
	at org.openqa.selenium.chrome.ChromeDriver.&lt;init&gt;(ChromeDriver.java:123)
	at com.qa.orangehrm.factories.BrowserFactory.getApplication(BrowserFactory.java:24)
	at com.qa.orangehrm.base.BaseClass.setUp(BaseClass.java:69)
... Removed 30 stack frames</div></td></tr></table><p class="totop"><a href="#summary">back to summary</a></p>
<h3 id="m2">com.qa.orangehrm.tests.CreateUserAdminTest#tearDown</h3><table class="result"><tr><th class="invisible"/></tr></table><p class="totop"><a href="#summary">back to summary</a></p>
<h3 id="m3">com.qa.orangehrm.tests.CreateUserAdminTest#tearDownReport</h3><table class="result"><tr><th class="invisible"/></tr></table><p class="totop"><a href="#summary">back to summary</a></p>
<h3 id="m4">com.qa.orangehrm.tests.LoginScenarios#tearDown</h3><table class="result"><tr><th class="invisible"/></tr></table><p class="totop"><a href="#summary">back to summary</a></p>
<h3 id="m5">com.qa.orangehrm.tests.LoginScenarios#tearDownReport</h3><table class="result"><tr><th class="invisible"/></tr></table><p class="totop"><a href="#summary">back to summary</a></p>
<h3 id="m6">com.qa.orangehrm.tests.CreateUserAdminTest#createUserFromAdminApplication</h3><table class="result"><tr><th>Exception</th></tr><tr><td><div class="stacktrace">java.lang.Throwable: Method CreateUserAdminTest.createUserFromAdminApplication()[pri:2, instance:com.qa.orangehrm.tests.CreateUserAdminTest@a1cdc6d] depends on not successfully finished methods
... Removed 18 stack frames</div></td></tr></table><p class="totop"><a href="#summary">back to summary</a></p>
<h3 id="m7">com.qa.orangehrm.tests.CreateUserAdminTest#loginToApplication</h3><table class="result"><tr><th>Exception</th></tr><tr><td><div class="stacktrace">java.lang.Throwable: Method CreateUserAdminTest.loginToApplication()[pri:1, instance:com.qa.orangehrm.tests.CreateUserAdminTest@a1cdc6d] depends on not successfully finished methods
... Removed 18 stack frames</div></td></tr></table><p class="totop"><a href="#summary">back to summary</a></p>
<h3 id="m8">com.qa.orangehrm.tests.CreateUserAdminTest#verifyPage</h3><table class="result"><tr><th>Exception</th></tr><tr><td><div class="stacktrace">org.openqa.selenium.SessionNotCreatedException: session not created: This version of ChromeDriver only supports Chrome version 78
Build info: version: &apos;3.141.59&apos;, revision: &apos;e82be7d358&apos;, time: &apos;2018-11-14T08:17:03&apos;
System info: host: &apos;Amits-MacBook-Air.local&apos;, ip: &apos;fe80:0:0:0:18e3:5e6e:dcef:a907%en0&apos;, os.name: &apos;Mac OS X&apos;, os.arch: &apos;x86_64&apos;, os.version: &apos;10.14.5&apos;, java.version: &apos;9.0.1&apos;
Driver info: driver.version: ChromeDriver
remote stacktrace: 0   chromedriver 2                      0x00000001047e7fd9 chromedriver 2 + 3747801
1   chromedriver 2                      0x000000010477c613 chromedriver 2 + 3307027
2   chromedriver 2                      0x000000010450c10f chromedriver 2 + 749839
3   chromedriver 2                      0x000000010446dadb chromedriver 2 + 101083
4   chromedriver 2                      0x0000000104469bd1 chromedriver 2 + 84945
5   chromedriver 2                      0x0000000104498097 chromedriver 2 + 274583
6   chromedriver 2                      0x0000000104495263 chromedriver 2 + 262755
7   chromedriver 2                      0x000000010446fc0d chromedriver 2 + 109581
8   chromedriver 2                      0x0000000104470ba5 chromedriver 2 + 113573
9   chromedriver 2                      0x00000001047ab0bf chromedriver 2 + 3498175
10  chromedriver 2                      0x00000001047b7cbd chromedriver 2 + 3550397
11  chromedriver 2                      0x00000001047b7a48 chromedriver 2 + 3549768
12  chromedriver 2                      0x000000010478a169 chromedriver 2 + 3363177
13  chromedriver 2                      0x00000001047b8518 chromedriver 2 + 3552536
14  chromedriver 2                      0x000000010479eb77 chromedriver 2 + 3447671
15  chromedriver 2                      0x00000001047ce0d4 chromedriver 2 + 3641556
16  chromedriver 2                      0x00000001047eddc7 chromedriver 2 + 3771847
17  libsystem_pthread.dylib             0x00007fff657d92eb _pthread_body + 126
18  libsystem_pthread.dylib             0x00007fff657dc249 _pthread_start + 66
19  libsystem_pthread.dylib             0x00007fff657d840d thread_start + 13

	at org.openqa.selenium.remote.W3CHandshakeResponse.lambda$errorHandler$0(W3CHandshakeResponse.java:62)
	at org.openqa.selenium.remote.HandshakeResponse.lambda$getResponseFunction$0(HandshakeResponse.java:30)
	at org.openqa.selenium.remote.ProtocolHandshake.lambda$createSession$0(ProtocolHandshake.java:126)
	at java.base/java.util.stream.ReferencePipeline$3$1.accept(ReferencePipeline.java:195)
	at java.base/java.util.Spliterators$ArraySpliterator.tryAdvance(Spliterators.java:958)
	at java.base/java.util.stream.ReferencePipeline.forEachWithCancel(ReferencePipeline.java:127)
	at java.base/java.util.stream.AbstractPipeline.copyIntoWithCancel(AbstractPipeline.java:502)
	at java.base/java.util.stream.AbstractPipeline.copyInto(AbstractPipeline.java:488)
	at java.base/java.util.stream.AbstractPipeline.wrapAndCopyInto(AbstractPipeline.java:474)
	at java.base/java.util.stream.FindOps$FindOp.evaluateSequential(FindOps.java:152)
	at java.base/java.util.stream.AbstractPipeline.evaluate(AbstractPipeline.java:234)
	at java.base/java.util.stream.ReferencePipeline.findFirst(ReferencePipeline.java:476)
	at org.openqa.selenium.remote.ProtocolHandshake.createSession(ProtocolHandshake.java:128)
	at org.openqa.selenium.remote.ProtocolHandshake.createSession(ProtocolHandshake.java:74)
	at org.openqa.selenium.remote.HttpCommandExecutor.execute(HttpCommandExecutor.java:136)
	at org.openqa.selenium.remote.service.DriverCommandExecutor.execute(DriverCommandExecutor.java:83)
	at org.openqa.selenium.remote.RemoteWebDriver.execute(RemoteWebDriver.java:552)
	at org.openqa.selenium.remote.RemoteWebDriver.startSession(RemoteWebDriver.java:213)
	at org.openqa.selenium.remote.RemoteWebDriver.&lt;init&gt;(RemoteWebDriver.java:131)
	at org.openqa.selenium.chrome.ChromeDriver.&lt;init&gt;(ChromeDriver.java:181)
	at org.openqa.selenium.chrome.ChromeDriver.&lt;init&gt;(ChromeDriver.java:168)
	at org.openqa.selenium.chrome.ChromeDriver.&lt;init&gt;(ChromeDriver.java:123)
	at com.qa.orangehrm.factories.BrowserFactory.getApplication(BrowserFactory.java:24)
	at com.qa.orangehrm.base.BaseClass.setUp(BaseClass.java:69)
... Removed 30 stack frames</div></td></tr></table><p class="totop"><a href="#summary">back to summary</a></p>
<h3 id="m9">com.qa.orangehrm.tests.LoginScenarios#loginToApplication</h3><table class="result"><tr><th>Exception</th></tr><tr><td><div class="stacktrace">java.lang.Throwable: Method LoginScenarios.loginToApplication()[pri:1, instance:com.qa.orangehrm.tests.LoginScenarios@623a8092] depends on not successfully finished methods
... Removed 18 stack frames</div></td></tr></table><p class="totop"><a href="#summary">back to summary</a></p>
<h3 id="m10">com.qa.orangehrm.tests.LoginScenarios#verifyPage</h3><table class="result"><tr><th>Exception</th></tr><tr><td><div class="stacktrace">org.openqa.selenium.SessionNotCreatedException: session not created: This version of ChromeDriver only supports Chrome version 78
Build info: version: &apos;3.141.59&apos;, revision: &apos;e82be7d358&apos;, time: &apos;2018-11-14T08:17:03&apos;
System info: host: &apos;Amits-MacBook-Air.local&apos;, ip: &apos;fe80:0:0:0:18e3:5e6e:dcef:a907%en0&apos;, os.name: &apos;Mac OS X&apos;, os.arch: &apos;x86_64&apos;, os.version: &apos;10.14.5&apos;, java.version: &apos;9.0.1&apos;
Driver info: driver.version: ChromeDriver
remote stacktrace: 0   chromedriver 2                      0x000000010f1acfd9 chromedriver 2 + 3747801
1   chromedriver 2                      0x000000010f141613 chromedriver 2 + 3307027
2   chromedriver 2                      0x000000010eed110f chromedriver 2 + 749839
3   chromedriver 2                      0x000000010ee32adb chromedriver 2 + 101083
4   chromedriver 2                      0x000000010ee2ebd1 chromedriver 2 + 84945
5   chromedriver 2                      0x000000010ee5d097 chromedriver 2 + 274583
6   chromedriver 2                      0x000000010ee5a263 chromedriver 2 + 262755
7   chromedriver 2                      0x000000010ee34c0d chromedriver 2 + 109581
8   chromedriver 2                      0x000000010ee35ba5 chromedriver 2 + 113573
9   chromedriver 2                      0x000000010f1700bf chromedriver 2 + 3498175
10  chromedriver 2                      0x000000010f17ccbd chromedriver 2 + 3550397
11  chromedriver 2                      0x000000010f17ca48 chromedriver 2 + 3549768
12  chromedriver 2                      0x000000010f14f169 chromedriver 2 + 3363177
13  chromedriver 2                      0x000000010f17d518 chromedriver 2 + 3552536
14  chromedriver 2                      0x000000010f163b77 chromedriver 2 + 3447671
15  chromedriver 2                      0x000000010f1930d4 chromedriver 2 + 3641556
16  chromedriver 2                      0x000000010f1b2dc7 chromedriver 2 + 3771847
17  libsystem_pthread.dylib             0x00007fff657d92eb _pthread_body + 126
18  libsystem_pthread.dylib             0x00007fff657dc249 _pthread_start + 66
19  libsystem_pthread.dylib             0x00007fff657d840d thread_start + 13

	at org.openqa.selenium.remote.W3CHandshakeResponse.lambda$errorHandler$0(W3CHandshakeResponse.java:62)
	at org.openqa.selenium.remote.HandshakeResponse.lambda$getResponseFunction$0(HandshakeResponse.java:30)
	at org.openqa.selenium.remote.ProtocolHandshake.lambda$createSession$0(ProtocolHandshake.java:126)
	at java.base/java.util.stream.ReferencePipeline$3$1.accept(ReferencePipeline.java:195)
	at java.base/java.util.Spliterators$ArraySpliterator.tryAdvance(Spliterators.java:958)
	at java.base/java.util.stream.ReferencePipeline.forEachWithCancel(ReferencePipeline.java:127)
	at java.base/java.util.stream.AbstractPipeline.copyIntoWithCancel(AbstractPipeline.java:502)
	at java.base/java.util.stream.AbstractPipeline.copyInto(AbstractPipeline.java:488)
	at java.base/java.util.stream.AbstractPipeline.wrapAndCopyInto(AbstractPipeline.java:474)
	at java.base/java.util.stream.FindOps$FindOp.evaluateSequential(FindOps.java:152)
	at java.base/java.util.stream.AbstractPipeline.evaluate(AbstractPipeline.java:234)
	at java.base/java.util.stream.ReferencePipeline.findFirst(ReferencePipeline.java:476)
	at org.openqa.selenium.remote.ProtocolHandshake.createSession(ProtocolHandshake.java:128)
	at org.openqa.selenium.remote.ProtocolHandshake.createSession(ProtocolHandshake.java:74)
	at org.openqa.selenium.remote.HttpCommandExecutor.execute(HttpCommandExecutor.java:136)
	at org.openqa.selenium.remote.service.DriverCommandExecutor.execute(DriverCommandExecutor.java:83)
	at org.openqa.selenium.remote.RemoteWebDriver.execute(RemoteWebDriver.java:552)
	at org.openqa.selenium.remote.RemoteWebDriver.startSession(RemoteWebDriver.java:213)
	at org.openqa.selenium.remote.RemoteWebDriver.&lt;init&gt;(RemoteWebDriver.java:131)
	at org.openqa.selenium.chrome.ChromeDriver.&lt;init&gt;(ChromeDriver.java:181)
	at org.openqa.selenium.chrome.ChromeDriver.&lt;init&gt;(ChromeDriver.java:168)
	at org.openqa.selenium.chrome.ChromeDriver.&lt;init&gt;(ChromeDriver.java:123)
	at com.qa.orangehrm.factories.BrowserFactory.getApplication(BrowserFactory.java:24)
	at com.qa.orangehrm.base.BaseClass.setUp(BaseClass.java:69)
... Removed 30 stack frames</div></td></tr></table><p class="totop"><a href="#summary">back to summary</a></p>
</body>
</html>
