<?xml version="1.0" encoding="UTF-8"?>
<testng-results ignored="1" total="6" passed="0" failed="0" skipped="5">
  <reporter-output>
  </reporter-output>
  <suite started-at="2020-02-14T03:17:43Z" name="Suite" finished-at="2020-02-14T03:17:47Z" duration-ms="4251">
    <groups>
    </groups>
    <test started-at="2020-02-14T03:17:43Z" name="Test" finished-at="2020-02-14T03:17:47Z" duration-ms="4251">
      <class name="com.qa.orangehrm.tests.CreateUserAdminTest">
        <test-method is-config="true" signature="setUp()[pri:0, instance:com.qa.orangehrm.tests.CreateUserAdminTest@a1cdc6d]" started-at="2020-02-14T03:17:45Z" name="setUp" finished-at="2020-02-14T03:17:47Z" duration-ms="1570" status="FAIL">
          <exception class="org.openqa.selenium.SessionNotCreatedException">
            <message>
              <![CDATA[session not created: This version of ChromeDriver only supports Chrome version 78
Build info: version: '3.141.59', revision: 'e82be7d358', time: '2018-11-14T08:17:03'
System info: host: 'Amits-MacBook-Air.local', ip: 'fe80:0:0:0:18e3:5e6e:dcef:a907%en0', os.name: 'Mac OS X', os.arch: 'x86_64', os.version: '10.14.5', java.version: '9.0.1'
Driver info: driver.version: ChromeDriver
remote stacktrace: 0   chromedriver 2                      0x00000001047e7fd9 chromedriver 2 + 3747801
1   chromedriver 2                      0x000000010477c613 chromedriver 2 + 3307027
2   chromedriver 2                      0x000000010450c10f chromedriver 2 + 749839
3   chromedriver 2                      0x000000010446dadb chromedriver 2 + 101083
4   chromedriver 2                      0x0000000104469bd1 chromedriver 2 + 84945
5   chromedriver 2                      0x0000000104498097 chromedriver 2 + 274583
6   chromedriver 2                      0x0000000104495263 chromedriver 2 + 262755
7   chromedriver 2                      0x000000010446fc0d chromedriver 2 + 109581
8   chromedriver 2                      0x0000000104470ba5 chromedriver 2 + 113573
9   chromedriver 2                      0x00000001047ab0bf chromedriver 2 + 3498175
10  chromedriver 2                      0x00000001047b7cbd chromedriver 2 + 3550397
11  chromedriver 2                      0x00000001047b7a48 chromedriver 2 + 3549768
12  chromedriver 2                      0x000000010478a169 chromedriver 2 + 3363177
13  chromedriver 2                      0x00000001047b8518 chromedriver 2 + 3552536
14  chromedriver 2                      0x000000010479eb77 chromedriver 2 + 3447671
15  chromedriver 2                      0x00000001047ce0d4 chromedriver 2 + 3641556
16  chromedriver 2                      0x00000001047eddc7 chromedriver 2 + 3771847
17  libsystem_pthread.dylib             0x00007fff657d92eb _pthread_body + 126
18  libsystem_pthread.dylib             0x00007fff657dc249 _pthread_start + 66
19  libsystem_pthread.dylib             0x00007fff657d840d thread_start + 13
]]>
            </message>
            <full-stacktrace>
              <![CDATA[org.openqa.selenium.SessionNotCreatedException: session not created: This version of ChromeDriver only supports Chrome version 78
Build info: version: '3.141.59', revision: 'e82be7d358', time: '2018-11-14T08:17:03'
System info: host: 'Amits-MacBook-Air.local', ip: 'fe80:0:0:0:18e3:5e6e:dcef:a907%en0', os.name: 'Mac OS X', os.arch: 'x86_64', os.version: '10.14.5', java.version: '9.0.1'
Driver info: driver.version: ChromeDriver
remote stacktrace: 0   chromedriver 2                      0x00000001047e7fd9 chromedriver 2 + 3747801
1   chromedriver 2                      0x000000010477c613 chromedriver 2 + 3307027
2   chromedriver 2                      0x000000010450c10f chromedriver 2 + 749839
3   chromedriver 2                      0x000000010446dadb chromedriver 2 + 101083
4   chromedriver 2                      0x0000000104469bd1 chromedriver 2 + 84945
5   chromedriver 2                      0x0000000104498097 chromedriver 2 + 274583
6   chromedriver 2                      0x0000000104495263 chromedriver 2 + 262755
7   chromedriver 2                      0x000000010446fc0d chromedriver 2 + 109581
8   chromedriver 2                      0x0000000104470ba5 chromedriver 2 + 113573
9   chromedriver 2                      0x00000001047ab0bf chromedriver 2 + 3498175
10  chromedriver 2                      0x00000001047b7cbd chromedriver 2 + 3550397
11  chromedriver 2                      0x00000001047b7a48 chromedriver 2 + 3549768
12  chromedriver 2                      0x000000010478a169 chromedriver 2 + 3363177
13  chromedriver 2                      0x00000001047b8518 chromedriver 2 + 3552536
14  chromedriver 2                      0x000000010479eb77 chromedriver 2 + 3447671
15  chromedriver 2                      0x00000001047ce0d4 chromedriver 2 + 3641556
16  chromedriver 2                      0x00000001047eddc7 chromedriver 2 + 3771847
17  libsystem_pthread.dylib             0x00007fff657d92eb _pthread_body + 126
18  libsystem_pthread.dylib             0x00007fff657dc249 _pthread_start + 66
19  libsystem_pthread.dylib             0x00007fff657d840d thread_start + 13

at java.base/jdk.internal.reflect.NativeConstructorAccessorImpl.newInstance0(Native Method)
at java.base/jdk.internal.reflect.NativeConstructorAccessorImpl.newInstance(NativeConstructorAccessorImpl.java:62)
at java.base/jdk.internal.reflect.DelegatingConstructorAccessorImpl.newInstance(DelegatingConstructorAccessorImpl.java:45)
at java.base/java.lang.reflect.Constructor.newInstance(Constructor.java:488)
at org.openqa.selenium.remote.W3CHandshakeResponse.lambda$errorHandler$0(W3CHandshakeResponse.java:62)
at org.openqa.selenium.remote.HandshakeResponse.lambda$getResponseFunction$0(HandshakeResponse.java:30)
at org.openqa.selenium.remote.ProtocolHandshake.lambda$createSession$0(ProtocolHandshake.java:126)
at java.base/java.util.stream.ReferencePipeline$3$1.accept(ReferencePipeline.java:195)
at java.base/java.util.Spliterators$ArraySpliterator.tryAdvance(Spliterators.java:958)
at java.base/java.util.stream.ReferencePipeline.forEachWithCancel(ReferencePipeline.java:127)
at java.base/java.util.stream.AbstractPipeline.copyIntoWithCancel(AbstractPipeline.java:502)
at java.base/java.util.stream.AbstractPipeline.copyInto(AbstractPipeline.java:488)
at java.base/java.util.stream.AbstractPipeline.wrapAndCopyInto(AbstractPipeline.java:474)
at java.base/java.util.stream.FindOps$FindOp.evaluateSequential(FindOps.java:152)
at java.base/java.util.stream.AbstractPipeline.evaluate(AbstractPipeline.java:234)
at java.base/java.util.stream.ReferencePipeline.findFirst(ReferencePipeline.java:476)
at org.openqa.selenium.remote.ProtocolHandshake.createSession(ProtocolHandshake.java:128)
at org.openqa.selenium.remote.ProtocolHandshake.createSession(ProtocolHandshake.java:74)
at org.openqa.selenium.remote.HttpCommandExecutor.execute(HttpCommandExecutor.java:136)
at org.openqa.selenium.remote.service.DriverCommandExecutor.execute(DriverCommandExecutor.java:83)
at org.openqa.selenium.remote.RemoteWebDriver.execute(RemoteWebDriver.java:552)
at org.openqa.selenium.remote.RemoteWebDriver.startSession(RemoteWebDriver.java:213)
at org.openqa.selenium.remote.RemoteWebDriver.<init>(RemoteWebDriver.java:131)
at org.openqa.selenium.chrome.ChromeDriver.<init>(ChromeDriver.java:181)
at org.openqa.selenium.chrome.ChromeDriver.<init>(ChromeDriver.java:168)
at org.openqa.selenium.chrome.ChromeDriver.<init>(ChromeDriver.java:123)
at com.qa.orangehrm.factories.BrowserFactory.getApplication(BrowserFactory.java:24)
at com.qa.orangehrm.base.BaseClass.setUp(BaseClass.java:69)
at java.base/jdk.internal.reflect.NativeMethodAccessorImpl.invoke0(Native Method)
at java.base/jdk.internal.reflect.NativeMethodAccessorImpl.invoke(NativeMethodAccessorImpl.java:62)
at java.base/jdk.internal.reflect.DelegatingMethodAccessorImpl.invoke(DelegatingMethodAccessorImpl.java:43)
at java.base/java.lang.reflect.Method.invoke(Method.java:564)
at org.testng.internal.MethodInvocationHelper.invokeMethod(MethodInvocationHelper.java:124)
at org.testng.internal.MethodInvocationHelper.invokeMethodConsideringTimeout(MethodInvocationHelper.java:59)
at org.testng.internal.Invoker.invokeConfigurationMethod(Invoker.java:458)
at org.testng.internal.Invoker.invokeConfigurations(Invoker.java:222)
at org.testng.internal.Invoker.invokeConfigurations(Invoker.java:142)
at org.testng.internal.TestMethodWorker.invokeBeforeClassMethods(TestMethodWorker.java:168)
at org.testng.internal.TestMethodWorker.run(TestMethodWorker.java:105)
at org.testng.TestRunner.privateRun(TestRunner.java:648)
at org.testng.TestRunner.run(TestRunner.java:505)
at org.testng.SuiteRunner.runTest(SuiteRunner.java:455)
at org.testng.SuiteRunner.runSequentially(SuiteRunner.java:450)
at org.testng.SuiteRunner.privateRun(SuiteRunner.java:415)
at org.testng.SuiteRunner.run(SuiteRunner.java:364)
at org.testng.SuiteRunnerWorker.runSuite(SuiteRunnerWorker.java:52)
at org.testng.SuiteRunnerWorker.run(SuiteRunnerWorker.java:84)
at org.testng.TestNG.runSuitesSequentially(TestNG.java:1208)
at org.testng.TestNG.runSuitesLocally(TestNG.java:1137)
at org.testng.TestNG.runSuites(TestNG.java:1049)
at org.testng.TestNG.run(TestNG.java:1017)
at org.testng.remote.AbstractRemoteTestNG.run(AbstractRemoteTestNG.java:114)
at org.testng.remote.RemoteTestNG.initAndRun(RemoteTestNG.java:251)
at org.testng.remote.RemoteTestNG.main(RemoteTestNG.java:77)
]]>
            </full-stacktrace>
          </exception> <!-- org.openqa.selenium.SessionNotCreatedException -->
          <reporter-output>
          </reporter-output>
        </test-method> <!-- setUp -->
        <test-method signature="verifyPage()[pri:0, instance:com.qa.orangehrm.tests.CreateUserAdminTest@a1cdc6d]" started-at="2020-02-14T03:17:47Z" name="verifyPage" finished-at="2020-02-14T03:17:47Z" duration-ms="0" status="SKIP">
          <exception class="org.openqa.selenium.SessionNotCreatedException">
            <message>
              <![CDATA[session not created: This version of ChromeDriver only supports Chrome version 78
Build info: version: '3.141.59', revision: 'e82be7d358', time: '2018-11-14T08:17:03'
System info: host: 'Amits-MacBook-Air.local', ip: 'fe80:0:0:0:18e3:5e6e:dcef:a907%en0', os.name: 'Mac OS X', os.arch: 'x86_64', os.version: '10.14.5', java.version: '9.0.1'
Driver info: driver.version: ChromeDriver
remote stacktrace: 0   chromedriver 2                      0x00000001047e7fd9 chromedriver 2 + 3747801
1   chromedriver 2                      0x000000010477c613 chromedriver 2 + 3307027
2   chromedriver 2                      0x000000010450c10f chromedriver 2 + 749839
3   chromedriver 2                      0x000000010446dadb chromedriver 2 + 101083
4   chromedriver 2                      0x0000000104469bd1 chromedriver 2 + 84945
5   chromedriver 2                      0x0000000104498097 chromedriver 2 + 274583
6   chromedriver 2                      0x0000000104495263 chromedriver 2 + 262755
7   chromedriver 2                      0x000000010446fc0d chromedriver 2 + 109581
8   chromedriver 2                      0x0000000104470ba5 chromedriver 2 + 113573
9   chromedriver 2                      0x00000001047ab0bf chromedriver 2 + 3498175
10  chromedriver 2                      0x00000001047b7cbd chromedriver 2 + 3550397
11  chromedriver 2                      0x00000001047b7a48 chromedriver 2 + 3549768
12  chromedriver 2                      0x000000010478a169 chromedriver 2 + 3363177
13  chromedriver 2                      0x00000001047b8518 chromedriver 2 + 3552536
14  chromedriver 2                      0x000000010479eb77 chromedriver 2 + 3447671
15  chromedriver 2                      0x00000001047ce0d4 chromedriver 2 + 3641556
16  chromedriver 2                      0x00000001047eddc7 chromedriver 2 + 3771847
17  libsystem_pthread.dylib             0x00007fff657d92eb _pthread_body + 126
18  libsystem_pthread.dylib             0x00007fff657dc249 _pthread_start + 66
19  libsystem_pthread.dylib             0x00007fff657d840d thread_start + 13
]]>
            </message>
            <full-stacktrace>
              <![CDATA[org.openqa.selenium.SessionNotCreatedException: session not created: This version of ChromeDriver only supports Chrome version 78
Build info: version: '3.141.59', revision: 'e82be7d358', time: '2018-11-14T08:17:03'
System info: host: 'Amits-MacBook-Air.local', ip: 'fe80:0:0:0:18e3:5e6e:dcef:a907%en0', os.name: 'Mac OS X', os.arch: 'x86_64', os.version: '10.14.5', java.version: '9.0.1'
Driver info: driver.version: ChromeDriver
remote stacktrace: 0   chromedriver 2                      0x00000001047e7fd9 chromedriver 2 + 3747801
1   chromedriver 2                      0x000000010477c613 chromedriver 2 + 3307027
2   chromedriver 2                      0x000000010450c10f chromedriver 2 + 749839
3   chromedriver 2                      0x000000010446dadb chromedriver 2 + 101083
4   chromedriver 2                      0x0000000104469bd1 chromedriver 2 + 84945
5   chromedriver 2                      0x0000000104498097 chromedriver 2 + 274583
6   chromedriver 2                      0x0000000104495263 chromedriver 2 + 262755
7   chromedriver 2                      0x000000010446fc0d chromedriver 2 + 109581
8   chromedriver 2                      0x0000000104470ba5 chromedriver 2 + 113573
9   chromedriver 2                      0x00000001047ab0bf chromedriver 2 + 3498175
10  chromedriver 2                      0x00000001047b7cbd chromedriver 2 + 3550397
11  chromedriver 2                      0x00000001047b7a48 chromedriver 2 + 3549768
12  chromedriver 2                      0x000000010478a169 chromedriver 2 + 3363177
13  chromedriver 2                      0x00000001047b8518 chromedriver 2 + 3552536
14  chromedriver 2                      0x000000010479eb77 chromedriver 2 + 3447671
15  chromedriver 2                      0x00000001047ce0d4 chromedriver 2 + 3641556
16  chromedriver 2                      0x00000001047eddc7 chromedriver 2 + 3771847
17  libsystem_pthread.dylib             0x00007fff657d92eb _pthread_body + 126
18  libsystem_pthread.dylib             0x00007fff657dc249 _pthread_start + 66
19  libsystem_pthread.dylib             0x00007fff657d840d thread_start + 13

at java.base/jdk.internal.reflect.NativeConstructorAccessorImpl.newInstance0(Native Method)
at java.base/jdk.internal.reflect.NativeConstructorAccessorImpl.newInstance(NativeConstructorAccessorImpl.java:62)
at java.base/jdk.internal.reflect.DelegatingConstructorAccessorImpl.newInstance(DelegatingConstructorAccessorImpl.java:45)
at java.base/java.lang.reflect.Constructor.newInstance(Constructor.java:488)
at org.openqa.selenium.remote.W3CHandshakeResponse.lambda$errorHandler$0(W3CHandshakeResponse.java:62)
at org.openqa.selenium.remote.HandshakeResponse.lambda$getResponseFunction$0(HandshakeResponse.java:30)
at org.openqa.selenium.remote.ProtocolHandshake.lambda$createSession$0(ProtocolHandshake.java:126)
at java.base/java.util.stream.ReferencePipeline$3$1.accept(ReferencePipeline.java:195)
at java.base/java.util.Spliterators$ArraySpliterator.tryAdvance(Spliterators.java:958)
at java.base/java.util.stream.ReferencePipeline.forEachWithCancel(ReferencePipeline.java:127)
at java.base/java.util.stream.AbstractPipeline.copyIntoWithCancel(AbstractPipeline.java:502)
at java.base/java.util.stream.AbstractPipeline.copyInto(AbstractPipeline.java:488)
at java.base/java.util.stream.AbstractPipeline.wrapAndCopyInto(AbstractPipeline.java:474)
at java.base/java.util.stream.FindOps$FindOp.evaluateSequential(FindOps.java:152)
at java.base/java.util.stream.AbstractPipeline.evaluate(AbstractPipeline.java:234)
at java.base/java.util.stream.ReferencePipeline.findFirst(ReferencePipeline.java:476)
at org.openqa.selenium.remote.ProtocolHandshake.createSession(ProtocolHandshake.java:128)
at org.openqa.selenium.remote.ProtocolHandshake.createSession(ProtocolHandshake.java:74)
at org.openqa.selenium.remote.HttpCommandExecutor.execute(HttpCommandExecutor.java:136)
at org.openqa.selenium.remote.service.DriverCommandExecutor.execute(DriverCommandExecutor.java:83)
at org.openqa.selenium.remote.RemoteWebDriver.execute(RemoteWebDriver.java:552)
at org.openqa.selenium.remote.RemoteWebDriver.startSession(RemoteWebDriver.java:213)
at org.openqa.selenium.remote.RemoteWebDriver.<init>(RemoteWebDriver.java:131)
at org.openqa.selenium.chrome.ChromeDriver.<init>(ChromeDriver.java:181)
at org.openqa.selenium.chrome.ChromeDriver.<init>(ChromeDriver.java:168)
at org.openqa.selenium.chrome.ChromeDriver.<init>(ChromeDriver.java:123)
at com.qa.orangehrm.factories.BrowserFactory.getApplication(BrowserFactory.java:24)
at com.qa.orangehrm.base.BaseClass.setUp(BaseClass.java:69)
at java.base/jdk.internal.reflect.NativeMethodAccessorImpl.invoke0(Native Method)
at java.base/jdk.internal.reflect.NativeMethodAccessorImpl.invoke(NativeMethodAccessorImpl.java:62)
at java.base/jdk.internal.reflect.DelegatingMethodAccessorImpl.invoke(DelegatingMethodAccessorImpl.java:43)
at java.base/java.lang.reflect.Method.invoke(Method.java:564)
at org.testng.internal.MethodInvocationHelper.invokeMethod(MethodInvocationHelper.java:124)
at org.testng.internal.MethodInvocationHelper.invokeMethodConsideringTimeout(MethodInvocationHelper.java:59)
at org.testng.internal.Invoker.invokeConfigurationMethod(Invoker.java:458)
at org.testng.internal.Invoker.invokeConfigurations(Invoker.java:222)
at org.testng.internal.Invoker.invokeConfigurations(Invoker.java:142)
at org.testng.internal.TestMethodWorker.invokeBeforeClassMethods(TestMethodWorker.java:168)
at org.testng.internal.TestMethodWorker.run(TestMethodWorker.java:105)
at org.testng.TestRunner.privateRun(TestRunner.java:648)
at org.testng.TestRunner.run(TestRunner.java:505)
at org.testng.SuiteRunner.runTest(SuiteRunner.java:455)
at org.testng.SuiteRunner.runSequentially(SuiteRunner.java:450)
at org.testng.SuiteRunner.privateRun(SuiteRunner.java:415)
at org.testng.SuiteRunner.run(SuiteRunner.java:364)
at org.testng.SuiteRunnerWorker.runSuite(SuiteRunnerWorker.java:52)
at org.testng.SuiteRunnerWorker.run(SuiteRunnerWorker.java:84)
at org.testng.TestNG.runSuitesSequentially(TestNG.java:1208)
at org.testng.TestNG.runSuitesLocally(TestNG.java:1137)
at org.testng.TestNG.runSuites(TestNG.java:1049)
at org.testng.TestNG.run(TestNG.java:1017)
at org.testng.remote.AbstractRemoteTestNG.run(AbstractRemoteTestNG.java:114)
at org.testng.remote.RemoteTestNG.initAndRun(RemoteTestNG.java:251)
at org.testng.remote.RemoteTestNG.main(RemoteTestNG.java:77)
]]>
            </full-stacktrace>
          </exception> <!-- org.openqa.selenium.SessionNotCreatedException -->
          <reporter-output>
          </reporter-output>
        </test-method> <!-- verifyPage -->
        <test-method is-config="true" signature="tearDownReport(org.testng.ITestResult)[pri:0, instance:com.qa.orangehrm.tests.CreateUserAdminTest@a1cdc6d]" started-at="2020-02-14T03:17:47Z" name="tearDownReport" finished-at="2020-02-14T03:17:47Z" duration-ms="0" status="SKIP">
          <reporter-output>
          </reporter-output>
        </test-method> <!-- tearDownReport -->
        <test-method signature="loginToApplication()[pri:1, instance:com.qa.orangehrm.tests.CreateUserAdminTest@a1cdc6d]" started-at="2020-02-14T03:17:47Z" name="loginToApplication" finished-at="2020-02-14T03:17:47Z" depends-on-methods="com.qa.orangehrm.tests.CreateUserAdminTest.verifyPage" duration-ms="0" status="SKIP">
          <exception class="java.lang.Throwable">
            <message>
              <![CDATA[Method CreateUserAdminTest.loginToApplication()[pri:1, instance:com.qa.orangehrm.tests.CreateUserAdminTest@a1cdc6d] depends on not successfully finished methods]]>
            </message>
            <full-stacktrace>
              <![CDATA[java.lang.Throwable: Method CreateUserAdminTest.loginToApplication()[pri:1, instance:com.qa.orangehrm.tests.CreateUserAdminTest@a1cdc6d] depends on not successfully finished methods
at org.testng.internal.Invoker.invokeTestMethods(Invoker.java:888)
at org.testng.internal.TestMethodWorker.invokeTestMethods(TestMethodWorker.java:125)
at org.testng.internal.TestMethodWorker.run(TestMethodWorker.java:109)
at org.testng.TestRunner.privateRun(TestRunner.java:648)
at org.testng.TestRunner.run(TestRunner.java:505)
at org.testng.SuiteRunner.runTest(SuiteRunner.java:455)
at org.testng.SuiteRunner.runSequentially(SuiteRunner.java:450)
at org.testng.SuiteRunner.privateRun(SuiteRunner.java:415)
at org.testng.SuiteRunner.run(SuiteRunner.java:364)
at org.testng.SuiteRunnerWorker.runSuite(SuiteRunnerWorker.java:52)
at org.testng.SuiteRunnerWorker.run(SuiteRunnerWorker.java:84)
at org.testng.TestNG.runSuitesSequentially(TestNG.java:1208)
at org.testng.TestNG.runSuitesLocally(TestNG.java:1137)
at org.testng.TestNG.runSuites(TestNG.java:1049)
at org.testng.TestNG.run(TestNG.java:1017)
at org.testng.remote.AbstractRemoteTestNG.run(AbstractRemoteTestNG.java:114)
at org.testng.remote.RemoteTestNG.initAndRun(RemoteTestNG.java:251)
at org.testng.remote.RemoteTestNG.main(RemoteTestNG.java:77)
]]>
            </full-stacktrace>
          </exception> <!-- java.lang.Throwable -->
          <reporter-output>
          </reporter-output>
        </test-method> <!-- loginToApplication -->
        <test-method signature="createUserFromAdminApplication()[pri:2, instance:com.qa.orangehrm.tests.CreateUserAdminTest@a1cdc6d]" started-at="2020-02-14T03:17:47Z" name="createUserFromAdminApplication" finished-at="2020-02-14T03:17:47Z" depends-on-methods="com.qa.orangehrm.tests.CreateUserAdminTest.loginToApplication" duration-ms="0" status="SKIP">
          <exception class="java.lang.Throwable">
            <message>
              <![CDATA[Method CreateUserAdminTest.createUserFromAdminApplication()[pri:2, instance:com.qa.orangehrm.tests.CreateUserAdminTest@a1cdc6d] depends on not successfully finished methods]]>
            </message>
            <full-stacktrace>
              <![CDATA[java.lang.Throwable: Method CreateUserAdminTest.createUserFromAdminApplication()[pri:2, instance:com.qa.orangehrm.tests.CreateUserAdminTest@a1cdc6d] depends on not successfully finished methods
at org.testng.internal.Invoker.invokeTestMethods(Invoker.java:888)
at org.testng.internal.TestMethodWorker.invokeTestMethods(TestMethodWorker.java:125)
at org.testng.internal.TestMethodWorker.run(TestMethodWorker.java:109)
at org.testng.TestRunner.privateRun(TestRunner.java:648)
at org.testng.TestRunner.run(TestRunner.java:505)
at org.testng.SuiteRunner.runTest(SuiteRunner.java:455)
at org.testng.SuiteRunner.runSequentially(SuiteRunner.java:450)
at org.testng.SuiteRunner.privateRun(SuiteRunner.java:415)
at org.testng.SuiteRunner.run(SuiteRunner.java:364)
at org.testng.SuiteRunnerWorker.runSuite(SuiteRunnerWorker.java:52)
at org.testng.SuiteRunnerWorker.run(SuiteRunnerWorker.java:84)
at org.testng.TestNG.runSuitesSequentially(TestNG.java:1208)
at org.testng.TestNG.runSuitesLocally(TestNG.java:1137)
at org.testng.TestNG.runSuites(TestNG.java:1049)
at org.testng.TestNG.run(TestNG.java:1017)
at org.testng.remote.AbstractRemoteTestNG.run(AbstractRemoteTestNG.java:114)
at org.testng.remote.RemoteTestNG.initAndRun(RemoteTestNG.java:251)
at org.testng.remote.RemoteTestNG.main(RemoteTestNG.java:77)
]]>
            </full-stacktrace>
          </exception> <!-- java.lang.Throwable -->
          <reporter-output>
          </reporter-output>
        </test-method> <!-- createUserFromAdminApplication -->
        <test-method is-config="true" signature="tearDown()[pri:0, instance:com.qa.orangehrm.tests.CreateUserAdminTest@a1cdc6d]" started-at="2020-02-14T03:17:47Z" name="tearDown" finished-at="2020-02-14T03:17:47Z" duration-ms="0" status="SKIP">
          <reporter-output>
          </reporter-output>
        </test-method> <!-- tearDown -->
      </class> <!-- com.qa.orangehrm.tests.CreateUserAdminTest -->
      <class name="com.qa.orangehrm.tests.LoginScenarios">
        <test-method is-config="true" signature="setupReport()[pri:0, instance:com.qa.orangehrm.tests.LoginScenarios@623a8092]" started-at="2020-02-14T03:17:43Z" name="setupReport" finished-at="2020-02-14T03:17:43Z" duration-ms="302" status="PASS">
          <reporter-output>
          </reporter-output>
        </test-method> <!-- setupReport -->
        <test-method is-config="true" signature="setUp()[pri:0, instance:com.qa.orangehrm.tests.LoginScenarios@623a8092]" started-at="2020-02-14T03:17:43Z" name="setUp" finished-at="2020-02-14T03:17:45Z" duration-ms="2563" status="FAIL">
          <exception class="org.openqa.selenium.SessionNotCreatedException">
            <message>
              <![CDATA[session not created: This version of ChromeDriver only supports Chrome version 78
Build info: version: '3.141.59', revision: 'e82be7d358', time: '2018-11-14T08:17:03'
System info: host: 'Amits-MacBook-Air.local', ip: 'fe80:0:0:0:18e3:5e6e:dcef:a907%en0', os.name: 'Mac OS X', os.arch: 'x86_64', os.version: '10.14.5', java.version: '9.0.1'
Driver info: driver.version: ChromeDriver
remote stacktrace: 0   chromedriver 2                      0x000000010f1acfd9 chromedriver 2 + 3747801
1   chromedriver 2                      0x000000010f141613 chromedriver 2 + 3307027
2   chromedriver 2                      0x000000010eed110f chromedriver 2 + 749839
3   chromedriver 2                      0x000000010ee32adb chromedriver 2 + 101083
4   chromedriver 2                      0x000000010ee2ebd1 chromedriver 2 + 84945
5   chromedriver 2                      0x000000010ee5d097 chromedriver 2 + 274583
6   chromedriver 2                      0x000000010ee5a263 chromedriver 2 + 262755
7   chromedriver 2                      0x000000010ee34c0d chromedriver 2 + 109581
8   chromedriver 2                      0x000000010ee35ba5 chromedriver 2 + 113573
9   chromedriver 2                      0x000000010f1700bf chromedriver 2 + 3498175
10  chromedriver 2                      0x000000010f17ccbd chromedriver 2 + 3550397
11  chromedriver 2                      0x000000010f17ca48 chromedriver 2 + 3549768
12  chromedriver 2                      0x000000010f14f169 chromedriver 2 + 3363177
13  chromedriver 2                      0x000000010f17d518 chromedriver 2 + 3552536
14  chromedriver 2                      0x000000010f163b77 chromedriver 2 + 3447671
15  chromedriver 2                      0x000000010f1930d4 chromedriver 2 + 3641556
16  chromedriver 2                      0x000000010f1b2dc7 chromedriver 2 + 3771847
17  libsystem_pthread.dylib             0x00007fff657d92eb _pthread_body + 126
18  libsystem_pthread.dylib             0x00007fff657dc249 _pthread_start + 66
19  libsystem_pthread.dylib             0x00007fff657d840d thread_start + 13
]]>
            </message>
            <full-stacktrace>
              <![CDATA[org.openqa.selenium.SessionNotCreatedException: session not created: This version of ChromeDriver only supports Chrome version 78
Build info: version: '3.141.59', revision: 'e82be7d358', time: '2018-11-14T08:17:03'
System info: host: 'Amits-MacBook-Air.local', ip: 'fe80:0:0:0:18e3:5e6e:dcef:a907%en0', os.name: 'Mac OS X', os.arch: 'x86_64', os.version: '10.14.5', java.version: '9.0.1'
Driver info: driver.version: ChromeDriver
remote stacktrace: 0   chromedriver 2                      0x000000010f1acfd9 chromedriver 2 + 3747801
1   chromedriver 2                      0x000000010f141613 chromedriver 2 + 3307027
2   chromedriver 2                      0x000000010eed110f chromedriver 2 + 749839
3   chromedriver 2                      0x000000010ee32adb chromedriver 2 + 101083
4   chromedriver 2                      0x000000010ee2ebd1 chromedriver 2 + 84945
5   chromedriver 2                      0x000000010ee5d097 chromedriver 2 + 274583
6   chromedriver 2                      0x000000010ee5a263 chromedriver 2 + 262755
7   chromedriver 2                      0x000000010ee34c0d chromedriver 2 + 109581
8   chromedriver 2                      0x000000010ee35ba5 chromedriver 2 + 113573
9   chromedriver 2                      0x000000010f1700bf chromedriver 2 + 3498175
10  chromedriver 2                      0x000000010f17ccbd chromedriver 2 + 3550397
11  chromedriver 2                      0x000000010f17ca48 chromedriver 2 + 3549768
12  chromedriver 2                      0x000000010f14f169 chromedriver 2 + 3363177
13  chromedriver 2                      0x000000010f17d518 chromedriver 2 + 3552536
14  chromedriver 2                      0x000000010f163b77 chromedriver 2 + 3447671
15  chromedriver 2                      0x000000010f1930d4 chromedriver 2 + 3641556
16  chromedriver 2                      0x000000010f1b2dc7 chromedriver 2 + 3771847
17  libsystem_pthread.dylib             0x00007fff657d92eb _pthread_body + 126
18  libsystem_pthread.dylib             0x00007fff657dc249 _pthread_start + 66
19  libsystem_pthread.dylib             0x00007fff657d840d thread_start + 13

at java.base/jdk.internal.reflect.NativeConstructorAccessorImpl.newInstance0(Native Method)
at java.base/jdk.internal.reflect.NativeConstructorAccessorImpl.newInstance(NativeConstructorAccessorImpl.java:62)
at java.base/jdk.internal.reflect.DelegatingConstructorAccessorImpl.newInstance(DelegatingConstructorAccessorImpl.java:45)
at java.base/java.lang.reflect.Constructor.newInstance(Constructor.java:488)
at org.openqa.selenium.remote.W3CHandshakeResponse.lambda$errorHandler$0(W3CHandshakeResponse.java:62)
at org.openqa.selenium.remote.HandshakeResponse.lambda$getResponseFunction$0(HandshakeResponse.java:30)
at org.openqa.selenium.remote.ProtocolHandshake.lambda$createSession$0(ProtocolHandshake.java:126)
at java.base/java.util.stream.ReferencePipeline$3$1.accept(ReferencePipeline.java:195)
at java.base/java.util.Spliterators$ArraySpliterator.tryAdvance(Spliterators.java:958)
at java.base/java.util.stream.ReferencePipeline.forEachWithCancel(ReferencePipeline.java:127)
at java.base/java.util.stream.AbstractPipeline.copyIntoWithCancel(AbstractPipeline.java:502)
at java.base/java.util.stream.AbstractPipeline.copyInto(AbstractPipeline.java:488)
at java.base/java.util.stream.AbstractPipeline.wrapAndCopyInto(AbstractPipeline.java:474)
at java.base/java.util.stream.FindOps$FindOp.evaluateSequential(FindOps.java:152)
at java.base/java.util.stream.AbstractPipeline.evaluate(AbstractPipeline.java:234)
at java.base/java.util.stream.ReferencePipeline.findFirst(ReferencePipeline.java:476)
at org.openqa.selenium.remote.ProtocolHandshake.createSession(ProtocolHandshake.java:128)
at org.openqa.selenium.remote.ProtocolHandshake.createSession(ProtocolHandshake.java:74)
at org.openqa.selenium.remote.HttpCommandExecutor.execute(HttpCommandExecutor.java:136)
at org.openqa.selenium.remote.service.DriverCommandExecutor.execute(DriverCommandExecutor.java:83)
at org.openqa.selenium.remote.RemoteWebDriver.execute(RemoteWebDriver.java:552)
at org.openqa.selenium.remote.RemoteWebDriver.startSession(RemoteWebDriver.java:213)
at org.openqa.selenium.remote.RemoteWebDriver.<init>(RemoteWebDriver.java:131)
at org.openqa.selenium.chrome.ChromeDriver.<init>(ChromeDriver.java:181)
at org.openqa.selenium.chrome.ChromeDriver.<init>(ChromeDriver.java:168)
at org.openqa.selenium.chrome.ChromeDriver.<init>(ChromeDriver.java:123)
at com.qa.orangehrm.factories.BrowserFactory.getApplication(BrowserFactory.java:24)
at com.qa.orangehrm.base.BaseClass.setUp(BaseClass.java:69)
at java.base/jdk.internal.reflect.NativeMethodAccessorImpl.invoke0(Native Method)
at java.base/jdk.internal.reflect.NativeMethodAccessorImpl.invoke(NativeMethodAccessorImpl.java:62)
at java.base/jdk.internal.reflect.DelegatingMethodAccessorImpl.invoke(DelegatingMethodAccessorImpl.java:43)
at java.base/java.lang.reflect.Method.invoke(Method.java:564)
at org.testng.internal.MethodInvocationHelper.invokeMethod(MethodInvocationHelper.java:124)
at org.testng.internal.MethodInvocationHelper.invokeMethodConsideringTimeout(MethodInvocationHelper.java:59)
at org.testng.internal.Invoker.invokeConfigurationMethod(Invoker.java:458)
at org.testng.internal.Invoker.invokeConfigurations(Invoker.java:222)
at org.testng.internal.Invoker.invokeConfigurations(Invoker.java:142)
at org.testng.internal.TestMethodWorker.invokeBeforeClassMethods(TestMethodWorker.java:168)
at org.testng.internal.TestMethodWorker.run(TestMethodWorker.java:105)
at org.testng.TestRunner.privateRun(TestRunner.java:648)
at org.testng.TestRunner.run(TestRunner.java:505)
at org.testng.SuiteRunner.runTest(SuiteRunner.java:455)
at org.testng.SuiteRunner.runSequentially(SuiteRunner.java:450)
at org.testng.SuiteRunner.privateRun(SuiteRunner.java:415)
at org.testng.SuiteRunner.run(SuiteRunner.java:364)
at org.testng.SuiteRunnerWorker.runSuite(SuiteRunnerWorker.java:52)
at org.testng.SuiteRunnerWorker.run(SuiteRunnerWorker.java:84)
at org.testng.TestNG.runSuitesSequentially(TestNG.java:1208)
at org.testng.TestNG.runSuitesLocally(TestNG.java:1137)
at org.testng.TestNG.runSuites(TestNG.java:1049)
at org.testng.TestNG.run(TestNG.java:1017)
at org.testng.remote.AbstractRemoteTestNG.run(AbstractRemoteTestNG.java:114)
at org.testng.remote.RemoteTestNG.initAndRun(RemoteTestNG.java:251)
at org.testng.remote.RemoteTestNG.main(RemoteTestNG.java:77)
]]>
            </full-stacktrace>
          </exception> <!-- org.openqa.selenium.SessionNotCreatedException -->
          <reporter-output>
          </reporter-output>
        </test-method> <!-- setUp -->
        <test-method signature="verifyPage()[pri:0, instance:com.qa.orangehrm.tests.LoginScenarios@623a8092]" started-at="2020-02-14T03:17:45Z" name="verifyPage" finished-at="2020-02-14T03:17:45Z" duration-ms="0" status="SKIP">
          <exception class="org.openqa.selenium.SessionNotCreatedException">
            <message>
              <![CDATA[session not created: This version of ChromeDriver only supports Chrome version 78
Build info: version: '3.141.59', revision: 'e82be7d358', time: '2018-11-14T08:17:03'
System info: host: 'Amits-MacBook-Air.local', ip: 'fe80:0:0:0:18e3:5e6e:dcef:a907%en0', os.name: 'Mac OS X', os.arch: 'x86_64', os.version: '10.14.5', java.version: '9.0.1'
Driver info: driver.version: ChromeDriver
remote stacktrace: 0   chromedriver 2                      0x000000010f1acfd9 chromedriver 2 + 3747801
1   chromedriver 2                      0x000000010f141613 chromedriver 2 + 3307027
2   chromedriver 2                      0x000000010eed110f chromedriver 2 + 749839
3   chromedriver 2                      0x000000010ee32adb chromedriver 2 + 101083
4   chromedriver 2                      0x000000010ee2ebd1 chromedriver 2 + 84945
5   chromedriver 2                      0x000000010ee5d097 chromedriver 2 + 274583
6   chromedriver 2                      0x000000010ee5a263 chromedriver 2 + 262755
7   chromedriver 2                      0x000000010ee34c0d chromedriver 2 + 109581
8   chromedriver 2                      0x000000010ee35ba5 chromedriver 2 + 113573
9   chromedriver 2                      0x000000010f1700bf chromedriver 2 + 3498175
10  chromedriver 2                      0x000000010f17ccbd chromedriver 2 + 3550397
11  chromedriver 2                      0x000000010f17ca48 chromedriver 2 + 3549768
12  chromedriver 2                      0x000000010f14f169 chromedriver 2 + 3363177
13  chromedriver 2                      0x000000010f17d518 chromedriver 2 + 3552536
14  chromedriver 2                      0x000000010f163b77 chromedriver 2 + 3447671
15  chromedriver 2                      0x000000010f1930d4 chromedriver 2 + 3641556
16  chromedriver 2                      0x000000010f1b2dc7 chromedriver 2 + 3771847
17  libsystem_pthread.dylib             0x00007fff657d92eb _pthread_body + 126
18  libsystem_pthread.dylib             0x00007fff657dc249 _pthread_start + 66
19  libsystem_pthread.dylib             0x00007fff657d840d thread_start + 13
]]>
            </message>
            <full-stacktrace>
              <![CDATA[org.openqa.selenium.SessionNotCreatedException: session not created: This version of ChromeDriver only supports Chrome version 78
Build info: version: '3.141.59', revision: 'e82be7d358', time: '2018-11-14T08:17:03'
System info: host: 'Amits-MacBook-Air.local', ip: 'fe80:0:0:0:18e3:5e6e:dcef:a907%en0', os.name: 'Mac OS X', os.arch: 'x86_64', os.version: '10.14.5', java.version: '9.0.1'
Driver info: driver.version: ChromeDriver
remote stacktrace: 0   chromedriver 2                      0x000000010f1acfd9 chromedriver 2 + 3747801
1   chromedriver 2                      0x000000010f141613 chromedriver 2 + 3307027
2   chromedriver 2                      0x000000010eed110f chromedriver 2 + 749839
3   chromedriver 2                      0x000000010ee32adb chromedriver 2 + 101083
4   chromedriver 2                      0x000000010ee2ebd1 chromedriver 2 + 84945
5   chromedriver 2                      0x000000010ee5d097 chromedriver 2 + 274583
6   chromedriver 2                      0x000000010ee5a263 chromedriver 2 + 262755
7   chromedriver 2                      0x000000010ee34c0d chromedriver 2 + 109581
8   chromedriver 2                      0x000000010ee35ba5 chromedriver 2 + 113573
9   chromedriver 2                      0x000000010f1700bf chromedriver 2 + 3498175
10  chromedriver 2                      0x000000010f17ccbd chromedriver 2 + 3550397
11  chromedriver 2                      0x000000010f17ca48 chromedriver 2 + 3549768
12  chromedriver 2                      0x000000010f14f169 chromedriver 2 + 3363177
13  chromedriver 2                      0x000000010f17d518 chromedriver 2 + 3552536
14  chromedriver 2                      0x000000010f163b77 chromedriver 2 + 3447671
15  chromedriver 2                      0x000000010f1930d4 chromedriver 2 + 3641556
16  chromedriver 2                      0x000000010f1b2dc7 chromedriver 2 + 3771847
17  libsystem_pthread.dylib             0x00007fff657d92eb _pthread_body + 126
18  libsystem_pthread.dylib             0x00007fff657dc249 _pthread_start + 66
19  libsystem_pthread.dylib             0x00007fff657d840d thread_start + 13

at java.base/jdk.internal.reflect.NativeConstructorAccessorImpl.newInstance0(Native Method)
at java.base/jdk.internal.reflect.NativeConstructorAccessorImpl.newInstance(NativeConstructorAccessorImpl.java:62)
at java.base/jdk.internal.reflect.DelegatingConstructorAccessorImpl.newInstance(DelegatingConstructorAccessorImpl.java:45)
at java.base/java.lang.reflect.Constructor.newInstance(Constructor.java:488)
at org.openqa.selenium.remote.W3CHandshakeResponse.lambda$errorHandler$0(W3CHandshakeResponse.java:62)
at org.openqa.selenium.remote.HandshakeResponse.lambda$getResponseFunction$0(HandshakeResponse.java:30)
at org.openqa.selenium.remote.ProtocolHandshake.lambda$createSession$0(ProtocolHandshake.java:126)
at java.base/java.util.stream.ReferencePipeline$3$1.accept(ReferencePipeline.java:195)
at java.base/java.util.Spliterators$ArraySpliterator.tryAdvance(Spliterators.java:958)
at java.base/java.util.stream.ReferencePipeline.forEachWithCancel(ReferencePipeline.java:127)
at java.base/java.util.stream.AbstractPipeline.copyIntoWithCancel(AbstractPipeline.java:502)
at java.base/java.util.stream.AbstractPipeline.copyInto(AbstractPipeline.java:488)
at java.base/java.util.stream.AbstractPipeline.wrapAndCopyInto(AbstractPipeline.java:474)
at java.base/java.util.stream.FindOps$FindOp.evaluateSequential(FindOps.java:152)
at java.base/java.util.stream.AbstractPipeline.evaluate(AbstractPipeline.java:234)
at java.base/java.util.stream.ReferencePipeline.findFirst(ReferencePipeline.java:476)
at org.openqa.selenium.remote.ProtocolHandshake.createSession(ProtocolHandshake.java:128)
at org.openqa.selenium.remote.ProtocolHandshake.createSession(ProtocolHandshake.java:74)
at org.openqa.selenium.remote.HttpCommandExecutor.execute(HttpCommandExecutor.java:136)
at org.openqa.selenium.remote.service.DriverCommandExecutor.execute(DriverCommandExecutor.java:83)
at org.openqa.selenium.remote.RemoteWebDriver.execute(RemoteWebDriver.java:552)
at org.openqa.selenium.remote.RemoteWebDriver.startSession(RemoteWebDriver.java:213)
at org.openqa.selenium.remote.RemoteWebDriver.<init>(RemoteWebDriver.java:131)
at org.openqa.selenium.chrome.ChromeDriver.<init>(ChromeDriver.java:181)
at org.openqa.selenium.chrome.ChromeDriver.<init>(ChromeDriver.java:168)
at org.openqa.selenium.chrome.ChromeDriver.<init>(ChromeDriver.java:123)
at com.qa.orangehrm.factories.BrowserFactory.getApplication(BrowserFactory.java:24)
at com.qa.orangehrm.base.BaseClass.setUp(BaseClass.java:69)
at java.base/jdk.internal.reflect.NativeMethodAccessorImpl.invoke0(Native Method)
at java.base/jdk.internal.reflect.NativeMethodAccessorImpl.invoke(NativeMethodAccessorImpl.java:62)
at java.base/jdk.internal.reflect.DelegatingMethodAccessorImpl.invoke(DelegatingMethodAccessorImpl.java:43)
at java.base/java.lang.reflect.Method.invoke(Method.java:564)
at org.testng.internal.MethodInvocationHelper.invokeMethod(MethodInvocationHelper.java:124)
at org.testng.internal.MethodInvocationHelper.invokeMethodConsideringTimeout(MethodInvocationHelper.java:59)
at org.testng.internal.Invoker.invokeConfigurationMethod(Invoker.java:458)
at org.testng.internal.Invoker.invokeConfigurations(Invoker.java:222)
at org.testng.internal.Invoker.invokeConfigurations(Invoker.java:142)
at org.testng.internal.TestMethodWorker.invokeBeforeClassMethods(TestMethodWorker.java:168)
at org.testng.internal.TestMethodWorker.run(TestMethodWorker.java:105)
at org.testng.TestRunner.privateRun(TestRunner.java:648)
at org.testng.TestRunner.run(TestRunner.java:505)
at org.testng.SuiteRunner.runTest(SuiteRunner.java:455)
at org.testng.SuiteRunner.runSequentially(SuiteRunner.java:450)
at org.testng.SuiteRunner.privateRun(SuiteRunner.java:415)
at org.testng.SuiteRunner.run(SuiteRunner.java:364)
at org.testng.SuiteRunnerWorker.runSuite(SuiteRunnerWorker.java:52)
at org.testng.SuiteRunnerWorker.run(SuiteRunnerWorker.java:84)
at org.testng.TestNG.runSuitesSequentially(TestNG.java:1208)
at org.testng.TestNG.runSuitesLocally(TestNG.java:1137)
at org.testng.TestNG.runSuites(TestNG.java:1049)
at org.testng.TestNG.run(TestNG.java:1017)
at org.testng.remote.AbstractRemoteTestNG.run(AbstractRemoteTestNG.java:114)
at org.testng.remote.RemoteTestNG.initAndRun(RemoteTestNG.java:251)
at org.testng.remote.RemoteTestNG.main(RemoteTestNG.java:77)
]]>
            </full-stacktrace>
          </exception> <!-- org.openqa.selenium.SessionNotCreatedException -->
          <reporter-output>
          </reporter-output>
        </test-method> <!-- verifyPage -->
        <test-method is-config="true" signature="tearDownReport(org.testng.ITestResult)[pri:0, instance:com.qa.orangehrm.tests.LoginScenarios@623a8092]" started-at="2020-02-14T03:17:45Z" name="tearDownReport" finished-at="2020-02-14T03:17:45Z" duration-ms="0" status="SKIP">
          <reporter-output>
          </reporter-output>
        </test-method> <!-- tearDownReport -->
        <test-method signature="loginToApplication()[pri:1, instance:com.qa.orangehrm.tests.LoginScenarios@623a8092]" started-at="2020-02-14T03:17:47Z" name="loginToApplication" finished-at="2020-02-14T03:17:47Z" depends-on-methods="com.qa.orangehrm.tests.LoginScenarios.verifyPage" duration-ms="0" status="SKIP">
          <exception class="java.lang.Throwable">
            <message>
              <![CDATA[Method LoginScenarios.loginToApplication()[pri:1, instance:com.qa.orangehrm.tests.LoginScenarios@623a8092] depends on not successfully finished methods]]>
            </message>
            <full-stacktrace>
              <![CDATA[java.lang.Throwable: Method LoginScenarios.loginToApplication()[pri:1, instance:com.qa.orangehrm.tests.LoginScenarios@623a8092] depends on not successfully finished methods
at org.testng.internal.Invoker.invokeTestMethods(Invoker.java:888)
at org.testng.internal.TestMethodWorker.invokeTestMethods(TestMethodWorker.java:125)
at org.testng.internal.TestMethodWorker.run(TestMethodWorker.java:109)
at org.testng.TestRunner.privateRun(TestRunner.java:648)
at org.testng.TestRunner.run(TestRunner.java:505)
at org.testng.SuiteRunner.runTest(SuiteRunner.java:455)
at org.testng.SuiteRunner.runSequentially(SuiteRunner.java:450)
at org.testng.SuiteRunner.privateRun(SuiteRunner.java:415)
at org.testng.SuiteRunner.run(SuiteRunner.java:364)
at org.testng.SuiteRunnerWorker.runSuite(SuiteRunnerWorker.java:52)
at org.testng.SuiteRunnerWorker.run(SuiteRunnerWorker.java:84)
at org.testng.TestNG.runSuitesSequentially(TestNG.java:1208)
at org.testng.TestNG.runSuitesLocally(TestNG.java:1137)
at org.testng.TestNG.runSuites(TestNG.java:1049)
at org.testng.TestNG.run(TestNG.java:1017)
at org.testng.remote.AbstractRemoteTestNG.run(AbstractRemoteTestNG.java:114)
at org.testng.remote.RemoteTestNG.initAndRun(RemoteTestNG.java:251)
at org.testng.remote.RemoteTestNG.main(RemoteTestNG.java:77)
]]>
            </full-stacktrace>
          </exception> <!-- java.lang.Throwable -->
          <reporter-output>
          </reporter-output>
        </test-method> <!-- loginToApplication -->
        <test-method is-config="true" signature="tearDown()[pri:0, instance:com.qa.orangehrm.tests.LoginScenarios@623a8092]" started-at="2020-02-14T03:17:47Z" name="tearDown" finished-at="2020-02-14T03:17:47Z" duration-ms="0" status="SKIP">
          <reporter-output>
          </reporter-output>
        </test-method> <!-- tearDown -->
      </class> <!-- com.qa.orangehrm.tests.LoginScenarios -->
    </test> <!-- Test -->
  </suite> <!-- Suite -->
</testng-results>
